Determining if the pthread_create exist failed with the following output:
Change Dir: /home/xin/FAIM/build/CMakeFiles/CMakeTmp

Run Build Command:"/usr/bin/make" "cmTC_4deff/fast"
/usr/bin/make -f CMakeFiles/cmTC_4deff.dir/build.make CMakeFiles/cmTC_4deff.dir/build
make[1]: Entering directory '/home/xin/FAIM/build/CMakeFiles/CMakeTmp'
Building C object CMakeFiles/cmTC_4deff.dir/CheckSymbolExists.c.o
/usr/bin/cc     -o CMakeFiles/cmTC_4deff.dir/CheckSymbolExists.c.o   -c /home/xin/FAIM/build/CMakeFiles/CMakeTmp/CheckSymbolExists.c
Linking C executable cmTC_4deff
/usr/bin/cmake -E cmake_link_script CMakeFiles/cmTC_4deff.dir/link.txt --verbose=1
/usr/bin/cc       CMakeFiles/cmTC_4deff.dir/CheckSymbolExists.c.o  -o cmTC_4deff 
CMakeFiles/cmTC_4deff.dir/CheckSymbolExists.c.o: In function `main':
CheckSymbolExists.c:(.text+0x16): undefined reference to `pthread_create'
collect2: error: ld returned 1 exit status
CMakeFiles/cmTC_4deff.dir/build.make:97: recipe for target 'cmTC_4deff' failed
make[1]: *** [cmTC_4deff] Error 1
make[1]: Leaving directory '/home/xin/FAIM/build/CMakeFiles/CMakeTmp'
Makefile:126: recipe for target 'cmTC_4deff/fast' failed
make: *** [cmTC_4deff/fast] Error 2

File /home/xin/FAIM/build/CMakeFiles/CMakeTmp/CheckSymbolExists.c:
/* */
#include <pthread.h>

int main(int argc, char** argv)
{
  (void)argv;
#ifndef pthread_create
  return ((int*)(&pthread_create))[argc];
#else
  (void)argc;
  return 0;
#endif
}

Determining if the function pthread_create exists in the pthreads failed with the following output:
Change Dir: /home/xin/FAIM/build/CMakeFiles/CMakeTmp

Run Build Command:"/usr/bin/make" "cmTC_c799c/fast"
/usr/bin/make -f CMakeFiles/cmTC_c799c.dir/build.make CMakeFiles/cmTC_c799c.dir/build
make[1]: Entering directory '/home/xin/FAIM/build/CMakeFiles/CMakeTmp'
Building C object CMakeFiles/cmTC_c799c.dir/CheckFunctionExists.c.o
/usr/bin/cc    -DCHECK_FUNCTION_EXISTS=pthread_create   -o CMakeFiles/cmTC_c799c.dir/CheckFunctionExists.c.o   -c /usr/share/cmake-3.5/Modules/CheckFunctionExists.c
Linking C executable cmTC_c799c
/usr/bin/cmake -E cmake_link_script CMakeFiles/cmTC_c799c.dir/link.txt --verbose=1
/usr/bin/cc   -DCHECK_FUNCTION_EXISTS=pthread_create    CMakeFiles/cmTC_c799c.dir/CheckFunctionExists.c.o  -o cmTC_c799c -lpthreads 
/usr/bin/ld: cannot find -lpthreads
collect2: error: ld returned 1 exit status
CMakeFiles/cmTC_c799c.dir/build.make:97: recipe for target 'cmTC_c799c' failed
make[1]: *** [cmTC_c799c] Error 1
make[1]: Leaving directory '/home/xin/FAIM/build/CMakeFiles/CMakeTmp'
Makefile:126: recipe for target 'cmTC_c799c/fast' failed
make: *** [cmTC_c799c/fast] Error 2


